app/build/outputs/logs/manifest-merger-debug-report.txt
-- Merging decision tree log ---
manifest
ADDED from src\main\AndroidManifest.xml:2:1-88:12
	xmlns:android
		ADDED from src\main\AndroidManifest.xml:3:11-69
	package
		ADDED from src\main\AndroidManifest.xml:2:11-39
		INJECTED from src\main\AndroidManifest.xml
		INJECTED from src\main\AndroidManifest.xml
	android:versionName
		ADDED from src\main\AndroidManifest.xml:5:11-36
		INJECTED from src\main\AndroidManifest.xml
		INJECTED from src\main\AndroidManifest.xml
	android:versionCode
		ADDED from src\main\AndroidManifest.xml:4:11-34
		INJECTED from src\main\AndroidManifest.xml
		INJECTED from src\main\AndroidManifest.xml
uses-sdk
ADDED from src\main\AndroidManifest.xml:7:5-9:40
MERGED from [com.github.hiteshsondhi88.libffmpeg:FFmpegAndroid:0.2.5] AndroidManifest.xml:8:5-10:41
	android:targetSdkVersion
		ADDED from src\main\AndroidManifest.xml:9:9-38
		INJECTED from src\main\AndroidManifest.xml
		INJECTED from src\main\AndroidManifest.xml
	android:minSdkVersion
		ADDED from src\main\AndroidManifest.xml:8:9-35
		INJECTED from src\main\AndroidManifest.xml
		INJECTED from src\main\AndroidManifest.xml
uses-permission#android.permission.GET_ACCOUNTS
ADDED from src\main\AndroidManifest.xml:11:5-70
	android:name
		ADDED from src\main\AndroidManifest.xml:11:22-68
uses-permission#android.permission.WAKE_LOCK
ADDED from src\main\AndroidManifest.xml:12:5-67
	android:name
		ADDED from src\main\AndroidManifest.xml:12:22-65
uses-permission#android.permission.WRITE_EXTERNAL_STORAGE
ADDED from src\main\AndroidManifest.xml:13:5-80
	android:name
		ADDED from src\main\AndroidManifest.xml:13:22-78
uses-permission#android.permission.CALL_PHONE
ADDED from src\main\AndroidManifest.xml:14:5-68
	android:name
		ADDED from src\main\AndroidManifest.xml:14:22-66
uses-permission#android.permission.ACCESS_NETWORK_STATE
ADDED from src\main\AndroidManifest.xml:15:5-78
	android:name
		ADDED from src\main\AndroidManifest.xml:15:22-76
uses-permission#android.permission.INTERNET
ADDED from src\main\AndroidManifest.xml:16:5-66
	android:name
		ADDED from src\main\AndroidManifest.xml:16:22-64
uses-permission#android.permission.CAMERA
ADDED from src\main\AndroidManifest.xml:17:5-64
	android:name
		ADDED from src\main\AndroidManifest.xml:17:22-62
application
ADDED from src\main\AndroidManifest.xml:19:5-86:19
MERGED from [com.github.hiteshsondhi88.libffmpeg:FFmpegAndroid:0.2.5] AndroidManifest.xml:12:5-20
	android:label
		ADDED from src\main\AndroidManifest.xml:22:9-41
	android:icon
		ADDED from src\main\AndroidManifest.xml:21:9-48
	android:theme
		ADDED from src\main\AndroidManifest.xml:23:9-40
	android:name
		ADDED from src\main\AndroidManifest.xml:20:9-38
activity#com.safeoregon.app.SplashActivity
ADDED from src\main\AndroidManifest.xml:24:9-33:20
	android:windowSoftInputMode
		ADDED from src\main\AndroidManifest.xml:28:13-65
	android:screenOrientation
		ADDED from src\main\AndroidManifest.xml:27:13-49
	android:label
		ADDED from src\main\AndroidManifest.xml:26:13-45
	android:name
		ADDED from src\main\AndroidManifest.xml:25:13-61
intent-filter#android.intent.action.MAIN+android.intent.category.LAUNCHER
ADDED from src\main\AndroidManifest.xml:29:13-32:29
action#android.intent.action.MAIN
ADDED from src\main\AndroidManifest.xml:30:17-68
	android:name
		ADDED from src\main\AndroidManifest.xml:30:25-66
category#android.intent.category.LAUNCHER
ADDED from src\main\AndroidManifest.xml:31:17-76
	android:name
		ADDED from src\main\AndroidManifest.xml:31:27-74
activity#org.acra.CrashReportDialog
ADDED from src\main\AndroidManifest.xml:34:9-38:50
	android:excludeFromRecents
		ADDED from src\main\AndroidManifest.xml:36:13-46
	android:name
		ADDED from src\main\AndroidManifest.xml:35:13-54
	android:finishOnTaskLaunch
		ADDED from src\main\AndroidManifest.xml:37:13-46
	android:launchMode
		ADDED from src\main\AndroidManifest.xml:38:13-48
activity#com.safeoregon.app.HomeActivity
ADDED from src\main\AndroidManifest.xml:39:9-43:67
	android:windowSoftInputMode
		ADDED from src\main\AndroidManifest.xml:43:13-65
	android:screenOrientation
		ADDED from src\main\AndroidManifest.xml:42:13-49
	android:label
		ADDED from src\main\AndroidManifest.xml:41:13-45
	android:name
		ADDED from src\main\AndroidManifest.xml:40:13-59
activity#com.safeoregon.app.WebViewActivity
ADDED from src\main\AndroidManifest.xml:45:9-49:67
	android:windowSoftInputMode
		ADDED from src\main\AndroidManifest.xml:49:13-65
	android:screenOrientation
		ADDED from src\main\AndroidManifest.xml:48:13-49
	android:label
		ADDED from src\main\AndroidManifest.xml:47:13-45
	android:name
		ADDED from src\main\AndroidManifest.xml:46:13-62
activity#com.safeoregon.app.MyTipsListActivity
ADDED from src\main\AndroidManifest.xml:51:9-55:67
	android:windowSoftInputMode
		ADDED from src\main\AndroidManifest.xml:55:13-65
	android:screenOrientation
		ADDED from src\main\AndroidManifest.xml:54:13-49
	android:label
		ADDED from src\main\AndroidManifest.xml:53:13-45
	android:name
		ADDED from src\main\AndroidManifest.xml:52:13-65
activity#com.safeoregon.app.MyTipsDetailActivity
ADDED from src\main\AndroidManifest.xml:57:9-61:67
	android:windowSoftInputMode
		ADDED from src\main\AndroidManifest.xml:61:13-65
	android:screenOrientation
		ADDED from src\main\AndroidManifest.xml:60:13-49
	android:label
		ADDED from src\main\AndroidManifest.xml:59:13-45
	android:name
		ADDED from src\main\AndroidManifest.xml:58:13-67
activity#com.safeoregon.app.FormActivity
ADDED from src\main\AndroidManifest.xml:63:9-73:20
	android:windowSoftInputMode
		ADDED from src\main\AndroidManifest.xml:66:13-65
	android:screenOrientation
		ADDED from src\main\AndroidManifest.xml:68:13-49
	android:label
		ADDED from src\main\AndroidManifest.xml:65:13-45
	android:configChanges
		ADDED from src\main\AndroidManifest.xml:67:13-74
	android:name
		ADDED from src\main\AndroidManifest.xml:64:13-59
intent-filter#android.intent.action.EDIT
ADDED from src\main\AndroidManifest.xml:70:13-72:29
action#android.intent.action.EDIT
ADDED from src\main\AndroidManifest.xml:71:17-68
	android:name
		ADDED from src\main\AndroidManifest.xml:71:25-66
activity#com.safeoregon.app.ThankYouActivity
ADDED from src\main\AndroidManifest.xml:74:9-78:67
	android:windowSoftInputMode
		ADDED from src\main\AndroidManifest.xml:78:13-65
	android:screenOrientation
		ADDED from src\main\AndroidManifest.xml:77:13-49
	android:label
		ADDED from src\main\AndroidManifest.xml:76:13-45
	android:name
		ADDED from src\main\AndroidManifest.xml:75:13-63
activity#com.safeoregon.app.VideoTrimActivity
ADDED from src\main\AndroidManifest.xml:80:9-85:20
	android:screenOrientation
		ADDED from src\main\AndroidManifest.xml:83:13-49
	android:label
		ADDED from src\main\AndroidManifest.xml:82:13-45
	android:name
		ADDED from src\main\AndroidManifest.xml:81:13-64